<?xml version="1.0" encoding="UTF-8"?>
<!-- Generated by org.testng.reporters.JUnitReportReporter -->
<testsuite skipped="0" hostname="DESKTOP-1ERBVS2" name="cores.WebDriverBase" tests="2" failures="0" timestamp="16 May 2020 09:33:39 GMT" time="3.962" errors="0">
  <testcase name="test" time="1.219" classname="cores.WebDriverBase"/>
  <testcase name="test" time="2.743" classname="cores.WebDriverBase"/>
</testsuite> <!-- cores.WebDriverBase -->
