<?xml version="1.0" encoding="UTF-8"?>
<!-- Generated by org.testng.reporters.JUnitReportReporter -->
<testsuite skipped="0" hostname="DESKTOP-1ERBVS2" name="common.WebDriverBase" tests="2" failures="0" timestamp="16 May 2020 15:35:26 GMT" time="15.372" errors="0">
  <testcase name="test" time="5.019" classname="common.WebDriverBase"/>
  <testcase name="test" time="10.353" classname="common.WebDriverBase"/>
</testsuite> <!-- common.WebDriverBase -->
