<?xml version="1.0" encoding="UTF-8"?>
<!-- Generated by org.testng.reporters.JUnitReportReporter -->
<testsuite skipped="0" hostname="DESKTOP-1ERBVS2" name="testscript.TestGoogle" tests="1" failures="0" timestamp="17 May 2020 14:32:22 GMT" time="9.363" errors="0">
  <testcase name="testGoogle" time="9.363" classname="testscript.TestGoogle"/>
</testsuite> <!-- testscript.TestGoogle -->
